<?xml version="1.0" encoding="UTF-8"?>
<testng-results ignored="0" total="1" passed="1" failed="0" skipped="0">
  <reporter-output>
  </reporter-output>
  <suite started-at="2023-10-29T12:49:57 EET" name="Default suite" finished-at="2023-10-29T12:50:14 EET" duration-ms="16677">
    <groups>
    </groups>
    <test started-at="2023-10-29T12:49:57 EET" name="Default test" finished-at="2023-10-29T12:50:14 EET" duration-ms="16677">
      <class name="maltaAir.BookingTest">
        <test-method is-config="true" signature="startDriver()[pri:0, instance:maltaAir.BookingTest@7749bf93]" started-at="2023-10-29T12:49:51 EET" name="startDriver" finished-at="2023-10-29T12:49:57 EET" duration-ms="6263" status="PASS">
          <reporter-output>
          </reporter-output>
        </test-method> <!-- startDriver -->
        <test-method signature="booking()[pri:0, instance:maltaAir.BookingTest@7749bf93]" started-at="2023-10-29T12:49:57 EET" name="booking" finished-at="2023-10-29T12:50:14 EET" duration-ms="16469" status="PASS">
          <reporter-output>
          </reporter-output>
        </test-method> <!-- booking -->
      </class> <!-- maltaAir.BookingTest -->
    </test> <!-- Default test -->
  </suite> <!-- Default suite -->
</testng-results>
